--------------------------------------------------------------------------------
Release 14.7 Trace  (nt64)
Copyright (c) 1995-2013 Xilinx, Inc.  All rights reserved.

C:\Xilinx\14.7\ISE_DS\ISE\bin\nt64\unwrapped\trce.exe -intstyle ise -v 3 -s 5
-n 3 -fastpaths -xml main.twx main.ncd -o main.twr main.pcf -ucf ports.ucf

Design file:              main.ncd
Physical constraint file: main.pcf
Device,package,speed:     xc3s50a,vq100,-5 (PRODUCTION 1.42 2013-10-13)
Report level:             verbose report

Environment Variable      Effect 
--------------------      ------ 
NONE                      No environment variables were set
--------------------------------------------------------------------------------

INFO:Timing:2698 - No timing constraints found, doing default enumeration.
INFO:Timing:3412 - To improve timing, see the Timing Closure User Guide (UG612).
INFO:Timing:2752 - To get complete path coverage, use the unconstrained paths 
   option. All paths that are not constrained will be reported in the 
   unconstrained paths section(s) of the report.
INFO:Timing:3339 - The clock-to-out numbers in this timing report are based on 
   a 50 Ohm transmission line loading model.  For the details of this model, 
   and for more information on accounting for different loading conditions, 
   please see the device datasheet.
INFO:Timing:3390 - This architecture does not support a default System Jitter 
   value, please add SYSTEM_JITTER constraint to the UCF to modify the Clock 
   Uncertainty calculation.
INFO:Timing:3389 - This architecture does not support 'Discrete Jitter' and 
   'Phase Error' calculations, these terms will be zero in the Clock 
   Uncertainty calculation.  Please make appropriate modification to 
   SYSTEM_JITTER to account for the unsupported Discrete Jitter and Phase 
   Error.



Data Sheet report:
-----------------
All values displayed in nanoseconds (ns)

Setup/Hold to clock do_it
----------------------+------------+------------+------------------+--------+
                      |Max Setup to|Max Hold to |                  | Clock  |
Source                | clk (edge) | clk (edge) |Internal Clock(s) | Phase  |
----------------------+------------+------------+------------------+--------+
binaryPasswordLeft<0> |    5.638(R)|    0.222(R)|do_it_BUFGP       |   0.000|
binaryPasswordLeft<1> |    6.248(R)|   -0.583(R)|do_it_BUFGP       |   0.000|
binaryPasswordLeft<2> |    5.900(R)|   -0.336(R)|do_it_BUFGP       |   0.000|
binaryPasswordLeft<3> |    5.527(R)|    0.237(R)|do_it_BUFGP       |   0.000|
binaryPasswordLeft<4> |    5.358(R)|    0.104(R)|do_it_BUFGP       |   0.000|
binaryPasswordRight<0>|    7.638(R)|   -1.291(R)|do_it_BUFGP       |   0.000|
binaryPasswordRight<1>|    6.038(R)|   -0.024(R)|do_it_BUFGP       |   0.000|
binaryPasswordRight<2>|    6.028(R)|   -0.115(R)|do_it_BUFGP       |   0.000|
binaryPasswordRight<3>|    6.279(R)|   -0.587(R)|do_it_BUFGP       |   0.000|
binaryPasswordRight<4>|    4.831(R)|    0.205(R)|do_it_BUFGP       |   0.000|
changePassword        |    4.369(R)|   -0.451(R)|do_it_BUFGP       |   0.000|
----------------------+------------+------------+------------------+--------+

Clock do_it to Pad
--------------+------------+------------------+--------+
              | clk (edge) |                  | Clock  |
Destination   |   to PAD   |Internal Clock(s) | Phase  |
--------------+------------+------------------+--------+
SEVSEG_DATA<0>|   10.025(R)|do_it_BUFGP       |   0.000|
SEVSEG_DATA<1>|   10.577(R)|do_it_BUFGP       |   0.000|
SEVSEG_DATA<2>|   10.809(R)|do_it_BUFGP       |   0.000|
SEVSEG_DATA<3>|   10.190(R)|do_it_BUFGP       |   0.000|
SEVSEG_DATA<4>|   10.552(R)|do_it_BUFGP       |   0.000|
SEVSEG_DATA<5>|   10.662(R)|do_it_BUFGP       |   0.000|
SEVSEG_DATA<6>|   11.183(R)|do_it_BUFGP       |   0.000|
SEVSEG_DATA<7>|   10.062(R)|do_it_BUFGP       |   0.000|
--------------+------------+------------------+--------+

Clock to Setup on destination clock clk
---------------+---------+---------+---------+---------+
               | Src:Rise| Src:Fall| Src:Rise| Src:Fall|
Source Clock   |Dest:Rise|Dest:Rise|Dest:Fall|Dest:Fall|
---------------+---------+---------+---------+---------+
clk            |    4.482|         |         |         |
---------------+---------+---------+---------+---------+

Clock to Setup on destination clock do_it
---------------+---------+---------+---------+---------+
               | Src:Rise| Src:Fall| Src:Rise| Src:Fall|
Source Clock   |Dest:Rise|Dest:Rise|Dest:Fall|Dest:Fall|
---------------+---------+---------+---------+---------+
do_it          |    6.322|         |         |         |
---------------+---------+---------+---------+---------+

Pad to Pad
----------------------+---------------+---------+
Source Pad            |Destination Pad|  Delay  |
----------------------+---------------+---------+
binaryPasswordLeft<0> |SEVSEG_DATA<0> |    8.640|
binaryPasswordLeft<0> |SEVSEG_DATA<1> |    9.526|
binaryPasswordLeft<0> |SEVSEG_DATA<2> |    9.120|
binaryPasswordLeft<0> |SEVSEG_DATA<3> |    9.139|
binaryPasswordLeft<0> |SEVSEG_DATA<4> |    9.501|
binaryPasswordLeft<0> |SEVSEG_DATA<5> |    9.526|
binaryPasswordLeft<0> |SEVSEG_DATA<6> |    9.807|
binaryPasswordLeft<0> |SEVSEG_DATA<7> |    8.632|
binaryPasswordLeft<1> |SEVSEG_DATA<0> |    8.672|
binaryPasswordLeft<1> |SEVSEG_DATA<1> |    9.110|
binaryPasswordLeft<1> |SEVSEG_DATA<2> |    9.412|
binaryPasswordLeft<1> |SEVSEG_DATA<3> |    8.937|
binaryPasswordLeft<1> |SEVSEG_DATA<4> |    8.939|
binaryPasswordLeft<1> |SEVSEG_DATA<5> |    9.126|
binaryPasswordLeft<1> |SEVSEG_DATA<6> |   10.142|
binaryPasswordLeft<1> |SEVSEG_DATA<7> |    8.699|
binaryPasswordLeft<2> |SEVSEG_DATA<0> |    8.818|
binaryPasswordLeft<2> |SEVSEG_DATA<1> |    8.995|
binaryPasswordLeft<2> |SEVSEG_DATA<2> |    9.233|
binaryPasswordLeft<2> |SEVSEG_DATA<3> |    8.954|
binaryPasswordLeft<2> |SEVSEG_DATA<4> |    8.966|
binaryPasswordLeft<2> |SEVSEG_DATA<5> |    8.995|
binaryPasswordLeft<2> |SEVSEG_DATA<6> |    9.418|
binaryPasswordLeft<2> |SEVSEG_DATA<7> |    8.624|
binaryPasswordLeft<3> |SEVSEG_DATA<0> |    8.896|
binaryPasswordLeft<3> |SEVSEG_DATA<1> |    9.613|
binaryPasswordLeft<3> |SEVSEG_DATA<2> |    9.527|
binaryPasswordLeft<3> |SEVSEG_DATA<3> |    8.986|
binaryPasswordLeft<3> |SEVSEG_DATA<4> |    8.836|
binaryPasswordLeft<3> |SEVSEG_DATA<5> |    9.736|
binaryPasswordLeft<3> |SEVSEG_DATA<6> |   10.257|
binaryPasswordLeft<3> |SEVSEG_DATA<7> |    9.136|
binaryPasswordLeft<4> |SEVSEG_DATA<0> |    8.288|
binaryPasswordLeft<4> |SEVSEG_DATA<1> |    8.308|
binaryPasswordLeft<4> |SEVSEG_DATA<2> |    9.517|
binaryPasswordLeft<4> |SEVSEG_DATA<3> |    8.633|
binaryPasswordLeft<4> |SEVSEG_DATA<4> |    8.537|
binaryPasswordLeft<4> |SEVSEG_DATA<5> |    8.308|
binaryPasswordLeft<4> |SEVSEG_DATA<6> |    8.839|
binaryPasswordLeft<4> |SEVSEG_DATA<7> |    8.402|
binaryPasswordRight<0>|SEVSEG_DATA<0> |    9.728|
binaryPasswordRight<0>|SEVSEG_DATA<1> |   10.614|
binaryPasswordRight<0>|SEVSEG_DATA<2> |   10.208|
binaryPasswordRight<0>|SEVSEG_DATA<3> |   10.227|
binaryPasswordRight<0>|SEVSEG_DATA<4> |   10.589|
binaryPasswordRight<0>|SEVSEG_DATA<5> |   10.614|
binaryPasswordRight<0>|SEVSEG_DATA<6> |   10.895|
binaryPasswordRight<0>|SEVSEG_DATA<7> |    9.720|
binaryPasswordRight<1>|SEVSEG_DATA<0> |    8.810|
binaryPasswordRight<1>|SEVSEG_DATA<1> |    9.248|
binaryPasswordRight<1>|SEVSEG_DATA<2> |    9.550|
binaryPasswordRight<1>|SEVSEG_DATA<3> |    9.075|
binaryPasswordRight<1>|SEVSEG_DATA<4> |    9.077|
binaryPasswordRight<1>|SEVSEG_DATA<5> |    9.264|
binaryPasswordRight<1>|SEVSEG_DATA<6> |   10.280|
binaryPasswordRight<1>|SEVSEG_DATA<7> |    8.837|
binaryPasswordRight<2>|SEVSEG_DATA<0> |    9.350|
binaryPasswordRight<2>|SEVSEG_DATA<1> |    9.527|
binaryPasswordRight<2>|SEVSEG_DATA<2> |    9.765|
binaryPasswordRight<2>|SEVSEG_DATA<3> |    9.486|
binaryPasswordRight<2>|SEVSEG_DATA<4> |    9.498|
binaryPasswordRight<2>|SEVSEG_DATA<5> |    9.527|
binaryPasswordRight<2>|SEVSEG_DATA<6> |    9.950|
binaryPasswordRight<2>|SEVSEG_DATA<7> |    9.156|
binaryPasswordRight<3>|SEVSEG_DATA<0> |   10.343|
binaryPasswordRight<3>|SEVSEG_DATA<1> |   11.060|
binaryPasswordRight<3>|SEVSEG_DATA<2> |   10.974|
binaryPasswordRight<3>|SEVSEG_DATA<3> |   10.433|
binaryPasswordRight<3>|SEVSEG_DATA<4> |   10.283|
binaryPasswordRight<3>|SEVSEG_DATA<5> |   11.183|
binaryPasswordRight<3>|SEVSEG_DATA<6> |   11.704|
binaryPasswordRight<3>|SEVSEG_DATA<7> |   10.583|
binaryPasswordRight<4>|SEVSEG_DATA<0> |    8.779|
binaryPasswordRight<4>|SEVSEG_DATA<1> |    8.799|
binaryPasswordRight<4>|SEVSEG_DATA<2> |   10.008|
binaryPasswordRight<4>|SEVSEG_DATA<3> |    9.124|
binaryPasswordRight<4>|SEVSEG_DATA<4> |    9.028|
binaryPasswordRight<4>|SEVSEG_DATA<5> |    8.799|
binaryPasswordRight<4>|SEVSEG_DATA<6> |    9.330|
binaryPasswordRight<4>|SEVSEG_DATA<7> |    8.893|
----------------------+---------------+---------+


Analysis completed Sat Dec 21 09:55:55 2019 
--------------------------------------------------------------------------------

Trace Settings:
-------------------------
Trace Settings 

Peak Memory Usage: 179 MB



